Using pre-set license

 COMMAND LINE ARGUMENTS:
/Applications/Unity/Unity.app/Contents/MacOS/Unity
-adb2
-batchMode
-noUpm
-name
AssetImportWorker0
-projectPath
/Users/jaechung/Documents/GitHub/Untitled
-logFile
Logs/AssetImportWorker0.log
-srvPort
56390
Successfully changed project path to: /Users/jaechung/Documents/GitHub/Untitled
/Users/jaechung/Documents/GitHub/Untitled
Using Asset Import Pipeline V2.
Refreshing native plugins compatible for Editor in 32.83 ms, found 1 plugins.
Preloading 0 native plugins for Editor in 0.00 ms.
Initialize engine version: 2020.2.4f1 (becced5a802b)
[Subsystems] Discovering subsystems at path /Applications/Unity/Unity.app/Contents/Resources/UnitySubsystems
[Subsystems] Discovering subsystems at path /Users/jaechung/Documents/GitHub/Untitled/Assets
GfxDevice: creating device client; threaded=0
2021-05-15 22:58:44.191 Unity[78894:958111] Color LCD preferred device: Intel(R) Iris(TM) Plus Graphics 640 (low power)
2021-05-15 22:58:44.191 Unity[78894:958111] Metal devices available: 1
2021-05-15 22:58:44.191 Unity[78894:958111] 0: Intel(R) Iris(TM) Plus Graphics 640 (low power)
2021-05-15 22:58:44.192 Unity[78894:958111] Using device Intel(R) Iris(TM) Plus Graphics 640 (low power)
Initializing Metal device caps: Intel(R) Iris(TM) Plus Graphics 640
Initialize mono
Mono path[0] = '/Applications/Unity/Unity.app/Contents/Managed'
Mono path[1] = '/Applications/Unity/Unity.app/Contents/MonoBleedingEdge/lib/mono/unityjit'
Mono config path = '/Applications/Unity/Unity.app/Contents/MonoBleedingEdge/etc'
Using monoOptions --debugger-agent=transport=dt_socket,embedding=1,server=y,suspend=n,address=127.0.0.1:56894
Begin MonoManager ReloadAssembly
Registering precompiled unity dll's ...
Register platform support module: /Applications/Unity/Unity.app/Contents/PlaybackEngines/MacStandaloneSupport/UnityEditor.OSXStandalone.Extensions.dll
Registered in 0.000864 seconds.
Native extension for OSXStandalone target not found
Refreshing native plugins compatible for Editor in 26.31 ms, found 1 plugins.
Preloading 0 native plugins for Editor in 0.00 ms.
Invoked RoslynAnalysisRunner static constructor.
RoslynAnalysisRunner will not be running.
RoslynAnalysisRunner has terminated.
Mono: successfully reloaded assembly
- Completed reload, in  2.239 seconds
Platform modules already initialized, skipping
Registering precompiled user dll's ...
Registered in 0.000706 seconds.
Begin MonoManager ReloadAssembly
Native extension for OSXStandalone target not found
Refreshing native plugins compatible for Editor in 0.30 ms, found 1 plugins.
Preloading 0 native plugins for Editor in 0.00 ms.
Invoked RoslynAnalysisRunner static constructor.
RoslynAnalysisRunner will not be running.
RoslynAnalysisRunner has terminated.
Mono: successfully reloaded assembly
- Completed reload, in  1.010 seconds
Platform modules already initialized, skipping
========================================================================
Worker process is ready to serve import requests
Launching external process: /Applications/Unity/Unity.app/Contents/Tools/UnityShaderCompiler
Launched and connected shader compiler UnityShaderCompiler after 0.01 seconds
Refreshing native plugins compatible for Editor in 0.29 ms, found 1 plugins.
Preloading 0 native plugins for Editor in 0.00 ms.
Unloading 1252 Unused Serialized files (Serialized files now loaded: 0)
System memory in use before: 127.8 MB.
System memory in use after: 127.8 MB.

Unloading 8 unused Assets to reduce memory usage. Loaded Objects now: 1712.
Total: 2.227015 ms (FindLiveObjects: 0.278605 ms CreateObjectMapping: 0.059218 ms MarkObjects: 1.858911 ms  DeleteObjects: 0.028508 ms)

========================================================================
Received Import Request.
  path: Assets/Scenes/J#2.unity
  artifactKey: Guid(e58266210472d44a789f787a0db5e72f) Importer(815301076,1909f56bfc062723c751e8b465ee728b)
Start importing Assets/Scenes/J#2.unity using Guid(e58266210472d44a789f787a0db5e72f) Importer(815301076,1909f56bfc062723c751e8b465ee728b)  -> (artifact id: '4f31c10f51247c0feed6bb7203e56de6') in 0.010894 seconds
  Import took 0.013398 seconds .

