Using pre-set license
Built from '2020.2/release' branch; Version is '2020.2.4f1 (becced5a802b) revision 12504301'; Using compiler version '192528614'; Build Type 'Release'
OS: 'Windows 8.1  (6.3.0) 64bit' Language: 'en' Physical Memory: 8075 MB
BatchMode: 1, IsHumanControllingUs: 0, StartBugReporterOnCrash: 0, Is64bit: 1, IsPro: 0

 COMMAND LINE ARGUMENTS:
C:\Program Files\Unity\Hub\Editor\2020.2.4f1\Editor\Unity.exe
-adb2
-batchMode
-noUpm
-name
AssetImportWorker0
-projectPath
D:/University/Autumn 2021/Games Design/GameDesignAss4
-logFile
Logs/AssetImportWorker0.log
-srvPort
60303
Successfully changed project path to: D:/University/Autumn 2021/Games Design/GameDesignAss4
D:/University/Autumn 2021/Games Design/GameDesignAss4
Using Asset Import Pipeline V2.
Refreshing native plugins compatible for Editor in 48.74 ms, found 0 plugins.
Preloading 0 native plugins for Editor in 0.00 ms.
Initialize engine version: 2020.2.4f1 (becced5a802b)
[Subsystems] Discovering subsystems at path C:/Program Files/Unity/Hub/Editor/2020.2.4f1/Editor/Data/Resources/UnitySubsystems
[Subsystems] Discovering subsystems at path D:/University/Autumn 2021/Games Design/GameDesignAss4/Assets
GfxDevice: creating device client; threaded=0
d3d11: QueryInterface(IDXGIFactory5) failed (80004002).
Direct3D:
    Version:  Direct3D 11.0 [level 11.0]
    Renderer: NVIDIA GeForce 820M (ID=0x1140)
    Vendor:   
    VRAM:     1984 MB
    Driver:   22.21.13.8205
Initialize mono
Mono path[0] = 'C:/Program Files/Unity/Hub/Editor/2020.2.4f1/Editor/Data/Managed'
Mono path[1] = 'C:/Program Files/Unity/Hub/Editor/2020.2.4f1/Editor/Data/MonoBleedingEdge/lib/mono/unityjit'
Mono config path = 'C:/Program Files/Unity/Hub/Editor/2020.2.4f1/Editor/Data/MonoBleedingEdge/etc'
Using monoOptions --debugger-agent=transport=dt_socket,embedding=1,server=y,suspend=n,address=127.0.0.1:56496
Begin MonoManager ReloadAssembly
Registering precompiled unity dll's ...
Register platform support module: C:/Program Files/Unity/Hub/Editor/2020.2.4f1/Editor/Data/PlaybackEngines/WindowsStandaloneSupport/UnityEditor.WindowsStandalone.Extensions.dll
Registered in 0.001903 seconds.
Native extension for WindowsStandalone target not found
Refreshing native plugins compatible for Editor in 40.09 ms, found 0 plugins.
Preloading 0 native plugins for Editor in 0.00 ms.
Invoked RoslynAnalysisRunner static constructor.
RoslynAnalysisRunner will not be running.
RoslynAnalysisRunner has terminated.
Mono: successfully reloaded assembly
- Completed reload, in  1.714 seconds
Platform modules already initialized, skipping
Registering precompiled user dll's ...
Registered in 0.000771 seconds.
Begin MonoManager ReloadAssembly
Native extension for WindowsStandalone target not found
Refreshing native plugins compatible for Editor in 0.33 ms, found 0 plugins.
Preloading 0 native plugins for Editor in 0.00 ms.
Invoked RoslynAnalysisRunner static constructor.
RoslynAnalysisRunner will not be running.
RoslynAnalysisRunner has terminated.
Mono: successfully reloaded assembly
- Completed reload, in  1.152 seconds
Platform modules already initialized, skipping
========================================================================
Worker process is ready to serve import requests
Launched and connected shader compiler UnityShaderCompiler.exe after 0.04 seconds
Refreshing native plugins compatible for Editor in 0.32 ms, found 0 plugins.
Preloading 0 native plugins for Editor in 0.00 ms.
Unloading 1252 Unused Serialized files (Serialized files now loaded: 0)
System memory in use before: 71.2 MB.
System memory in use after: 71.2 MB.

Unloading 9 unused Assets to reduce memory usage. Loaded Objects now: 1704.
Total: 2.269462 ms (FindLiveObjects: 0.170141 ms CreateObjectMapping: 0.056450 ms MarkObjects: 1.912207 ms  DeleteObjects: 0.128691 ms)

========================================================================
Received Import Request.
  path: Assets/Scenes/Julian.unity
  artifactKey: Guid(4650c1cd0f2e1774da5329869fc93f64) Importer(815301076,1909f56bfc062723c751e8b465ee728b)
Start importing Assets/Scenes/Julian.unity using Guid(4650c1cd0f2e1774da5329869fc93f64) Importer(815301076,1909f56bfc062723c751e8b465ee728b)  -> (artifact id: '68c81e37a33337d0b7c12f36a4b3b214') in 0.059460 seconds
  Import took 0.062062 seconds .

========================================================================
Received Import Request.
  Time since last request: 1069.697584 seconds.
  path: Assets/ppp.asset
  artifactKey: Guid(6d673631f19f47f42ac5908e0b14f860) Importer(815301076,1909f56bfc062723c751e8b465ee728b)
Start importing Assets/ppp.asset using Guid(6d673631f19f47f42ac5908e0b14f860) Importer(815301076,1909f56bfc062723c751e8b465ee728b)  -> (artifact id: 'f35ca9d9fbd4a8f123edded9eedb95c4') in 0.100502 seconds
  Import took 0.103746 seconds .

========================================================================
Received Prepare
Refreshing native plugins compatible for Editor in 3.02 ms, found 0 plugins.
Preloading 0 native plugins for Editor in 0.00 ms.
Unloading 2 Unused Serialized files (Serialized files now loaded: 0)
System memory in use before: 44.0 MB.
System memory in use after: 44.1 MB.

Unloading 2 unused Assets to reduce memory usage. Loaded Objects now: 1704.
Total: 5.880312 ms (FindLiveObjects: 0.772146 ms CreateObjectMapping: 0.487131 ms MarkObjects: 4.520371 ms  DeleteObjects: 0.098295 ms)

